#
# There is insufficient memory for the Java Runtime Environment to continue.
# Native memory allocation (malloc) failed to allocate 542736 bytes for Chunk::new
# Possible reasons:
#   The system is out of physical RAM or swap space
#   The process is running with CompressedOops enabled, and the Java Heap may be blocking the growth of the native heap
# Possible solutions:
#   Reduce memory load on the system
#   Increase physical memory or swap space
#   Check if swap backing store is full
#   Decrease Java heap size (-Xmx/-Xms)
#   Decrease number of Java threads
#   Decrease Java thread stack sizes (-Xss)
#   Set larger code cache with -XX:ReservedCodeCacheSize=
#   JVM is running with Unscaled Compressed Oops mode in which the Java heap is
#     placed in the first 4GB address space. The Java Heap base address is the
#     maximum limit for the native heap growth. Please use -XX:HeapBaseMinAddress
#     to set the Java Heap base and to place the Java Heap above 4GB virtual address.
# This output file may be truncated or incomplete.
#
#  Out of Memory Error (c:/workspace/9-2-build-windows-amd64-cygwin-phase2/jdk9/6725/hotspot/src/share/vm/memory/allocation.cpp:372), pid=11988, tid=6304
#
# JRE version: Java(TM) SE Runtime Environment (9.0+181) (build 9+181)
# Java VM: Java HotSpot(TM) 64-Bit Server VM (9+181, mixed mode, tiered, compressed oops, g1 gc, windows-amd64)
# No core dump will be written. Minidumps are not enabled by default on client versions of Windows
#

---------------  S U M M A R Y ------------

Command Line: -Dfile.encoding=Cp1252 professor.CadastroProfessor

Host: AMD Phenom(tm) II X4 945 Processor, 4 cores, 3G,  Windows 10 , 64 bit Build 14393 (10.0.14393.1198)
Time: Thu Nov 02 19:49:40 2017 Horário Padrão Turcos e Caicos elapsed time: 1 seconds (0d 0h 0m 1s)

---------------  T H R E A D  ---------------

Current thread (0x00000240ad755000):  JavaThread "C2 CompilerThread0" daemon [_thread_in_native, id=6304, stack(0x000000924e800000,0x000000924e900000)]


Current CompileTask:
C2:   1355  549       4       jdk.internal.org.objectweb.asm.Frame::execute (2252 bytes)

Stack: [0x000000924e800000,0x000000924e900000]
Native frames: (J=compiled Java code, j=interpreted, Vv=VM code, C=native code)
V  [jvm.dll+0x587108]
V  [jvm.dll+0x69c14e]
V  [jvm.dll+0x69d06a]
V  [jvm.dll+0x69d6a3]
V  [jvm.dll+0x21d3f8]
V  [jvm.dll+0xa7bac]
V  [jvm.dll+0xa84ec]
V  [jvm.dll+0x3212f5]
V  [jvm.dll+0x17b53c]
V  [jvm.dll+0x1e9d1d]
V  [jvm.dll+0x1e8eb6]
V  [jvm.dll+0x16916b]
V  [jvm.dll+0x1f6680]
V  [jvm.dll+0x1f5306]
V  [jvm.dll+0x66b1af]
V  [jvm.dll+0x586530]
C  [msvcr120.dll+0x24f7f]
C  [msvcr120.dll+0x25126]
C  [KERNEL32.DLL+0x8364]
C  [ntdll.dll+0x67091]


---------------  P R O C E S S  ---------------

Java Threads: ( => current thread )
  0x000002409063a000 JavaThread "DestroyJavaVM" [_thread_blocked, id=11984, stack(0x000000924d700000,0x000000924d800000)]
  0x00000240b3da8000 JavaThread "Abandoned connection cleanup thread" daemon [_thread_blocked, id=18228, stack(0x000000924f900000,0x000000924fa00000)]
  0x00000240b3689000 JavaThread "D3D Screen Updater" daemon [_thread_blocked, id=1612, stack(0x000000924f500000,0x000000924f600000)]
  0x00000240ae9da800 JavaThread "AWT-EventQueue-0" [_thread_blocked, id=11504, stack(0x000000924f400000,0x000000924f500000)]
  0x00000240add06800 JavaThread "AWT-Windows" daemon [_thread_in_native, id=18084, stack(0x000000924f100000,0x000000924f200000)]
  0x00000240ae390000 JavaThread "AWT-Shutdown" [_thread_blocked, id=13960, stack(0x000000924f000000,0x000000924f100000)]
  0x00000240adcef000 JavaThread "Java2D Disposer" daemon [_thread_blocked, id=18272, stack(0x000000924ef00000,0x000000924f000000)]
  0x00000240ad9cf000 JavaThread "Service Thread" daemon [_thread_blocked, id=18176, stack(0x000000924ed00000,0x000000924ee00000)]
  0x00000240ad7f9000 JavaThread "Common-Cleaner" daemon [_thread_blocked, id=18168, stack(0x000000924ec00000,0x000000924ed00000)]
  0x00000240ad7ce000 JavaThread "Sweeper thread" daemon [_thread_blocked, id=18180, stack(0x000000924eb00000,0x000000924ec00000)]
  0x00000240ad7b9800 JavaThread "C1 CompilerThread2" daemon [_thread_blocked, id=12236, stack(0x000000924ea00000,0x000000924eb00000)]
  0x00000240ad7ac800 JavaThread "C2 CompilerThread1" daemon [_thread_in_native, id=17600, stack(0x000000924e900000,0x000000924ea00000)]
=>0x00000240ad755000 JavaThread "C2 CompilerThread0" daemon [_thread_in_native, id=6304, stack(0x000000924e800000,0x000000924e900000)]
  0x00000240ad749000 JavaThread "Attach Listener" daemon [_thread_blocked, id=11844, stack(0x000000924e700000,0x000000924e800000)]
  0x00000240ad748800 JavaThread "Signal Dispatcher" daemon [_thread_blocked, id=11824, stack(0x000000924e600000,0x000000924e700000)]
  0x00000240ad6fc000 JavaThread "Finalizer" daemon [_thread_blocked, id=6216, stack(0x000000924e500000,0x000000924e600000)]
  0x00000240ad6cd000 JavaThread "Reference Handler" daemon [_thread_blocked, id=8180, stack(0x000000924e400000,0x000000924e500000)]

Other Threads:
  0x00000240ad6f2000 VMThread "VM Thread" [stack: 0x000000924e300000,0x000000924e400000] [id=3500]
  0x00000240ad9d6800 WatcherThread [stack: 0x000000924ee00000,0x000000924ef00000] [id=18332]
  0x0000024090652800 GCTaskThread "GC Thread#0" [stack: 0x000000924d800000,0x000000924d900000] [id=5960]
  0x0000024090654000 GCTaskThread "GC Thread#1" [stack: 0x000000924d900000,0x000000924da00000] [id=7044]
  0x0000024090658000 GCTaskThread "GC Thread#2" [stack: 0x000000924da00000,0x000000924db00000] [id=1808]
  0x000002409065b800 GCTaskThread "GC Thread#3" [stack: 0x000000924db00000,0x000000924dc00000] [id=9744]
  0x00000240906a1800 ConcurrentGCThread "G1 Main Marker" [stack: 0x000000924e100000,0x000000924e200000] [id=17944]
  0x00000240906a3000 ConcurrentGCThread "G1 Marker#0" [stack: 0x000000924e200000,0x000000924e300000] [id=9576]
  0x0000024090663800 ConcurrentGCThread "G1 Refine#0" [stack: 0x000000924df00000,0x000000924e000000] [id=12228]
  0x0000024090662000 ConcurrentGCThread "G1 Refine#1" [stack: 0x000000924de00000,0x000000924df00000] [id=3360]
  0x0000024090661000 ConcurrentGCThread "G1 Refine#2" [stack: 0x000000924dd00000,0x000000924de00000] [id=5484]
  0x000002409065c800 ConcurrentGCThread "G1 Refine#3" [stack: 0x000000924dc00000,0x000000924dd00000] [id=11992]
  0x0000024090665800 ConcurrentGCThread "G1 Young RemSet Sampling" [stack: 0x000000924e000000,0x000000924e100000] [id=12220]

Threads with active compile tasks:
C2 CompilerThread1 698       4       java.lang.invoke.MethodType::makeImpl (66 bytes)
C2 CompilerThread0 549       4       jdk.internal.org.objectweb.asm.Frame::execute (2252 bytes)

VM state:not at safepoint (normal execution)

VM Mutex/Monitor currently owned by a thread: None

Heap address: 0x00000000c0000000, size: 1024 MB, Compressed Oops mode: 32-bit
Narrow klass base: 0x0000000000000000, Narrow klass shift: 3
Compressed class space size: 1073741824 Address: 0x0000000100000000

Heap:
 garbage-first heap   total 36864K, used 6892K [0x00000000c0000000, 0x00000000c0100120, 0x0000000100000000)
  region size 1024K, 4 young (4096K), 1 survivors (1024K)
 Metaspace       used 17183K, capacity 18157K, committed 18432K, reserved 1089536K
  class space    used 2012K, capacity 2221K, committed 2304K, reserved 1048576K
Heap Regions: E=young(eden), S=young(survivor), O=old, HS=humongous(starts), HC=humongous(continues), CS=collection set, F=free, A=archive, TS=gc time stamp, AC=allocation context, TAMS=top-at-mark-start (previous, next)
|   0|0x00000000c0000000, 0x00000000c00ffff0, 0x00000000c0100000| 99%| O|  |TS  0|AC  0|TAMS 0x00000000c00ffff0, 0x00000000c00ffff0|
|   1|0x00000000c0100000, 0x00000000c01ffff0, 0x00000000c0200000| 99%| O|  |TS  0|AC  0|TAMS 0x00000000c01ffff0, 0x00000000c01ffff0|
|   2|0x00000000c0200000, 0x00000000c0300000, 0x00000000c0300000|100%| O|  |TS  0|AC  0|TAMS 0x00000000c0300000, 0x00000000c0300000|
|   3|0x00000000c0300000, 0x00000000c0400000, 0x00000000c0400000|100%| O|  |TS  0|AC  0|TAMS 0x00000000c0400000, 0x00000000c0400000|
|   4|0x00000000c0400000, 0x00000000c0455200, 0x00000000c0500000| 33%| O|  |TS  0|AC  0|TAMS 0x00000000c0455200, 0x00000000c0455200|
|   5|0x00000000c0500000, 0x00000000c0565f40, 0x00000000c0600000| 39%| S|CS|TS  0|AC  0|TAMS 0x00000000c0500000, 0x00000000c0500000|
|   6|0x00000000c0600000, 0x00000000c0600000, 0x00000000c0700000|  0%| F|  |TS  0|AC  0|TAMS 0x00000000c0600000, 0x00000000c0600000|
|   7|0x00000000c0700000, 0x00000000c0700000, 0x00000000c0800000|  0%| F|  |TS  0|AC  0|TAMS 0x00000000c0700000, 0x00000000c0700000|
|   8|0x00000000c0800000, 0x00000000c0800000, 0x00000000c0900000|  0%| F|  |TS  0|AC  0|TAMS 0x00000000c0800000, 0x00000000c0800000|
|   9|0x00000000c0900000, 0x00000000c0900000, 0x00000000c0a00000|  0%| F|  |TS  0|AC  0|TAMS 0x00000000c0900000, 0x00000000c0900000|
|  10|0x00000000c0a00000, 0x00000000c0a00000, 0x00000000c0b00000|  0%| F|  |TS  0|AC  0|TAMS 0x00000000c0a00000, 0x00000000c0a00000|
|  11|0x00000000c0b00000, 0x00000000c0b00000, 0x00000000c0c00000|  0%| F|  |TS  0|AC  0|TAMS 0x00000000c0b00000, 0x00000000c0b00000|
|  12|0x00000000c0c00000, 0x00000000c0c00000, 0x00000000c0d00000|  0%| F|  |TS  0|AC  0|TAMS 0x00000000c0c00000, 0x00000000c0c00000|
|  13|0x00000000c0d00000, 0x00000000c0d00000, 0x00000000c0e00000|  0%| F|  |TS  0|AC  0|TAMS 0x00000000c0d00000, 0x00000000c0d00000|
|  14|0x00000000c0e00000, 0x00000000c0e00000, 0x00000000c0f00000|  0%| F|  |TS  0|AC  0|TAMS 0x00000000c0e00000, 0x00000000c0e00000|
|  15|0x00000000c0f00000, 0x00000000c0f00000, 0x00000000c1000000|  0%| F|  |TS  0|AC  0|TAMS 0x00000000c0f00000, 0x00000000c0f00000|
|  16|0x00000000c1000000, 0x00000000c1000000, 0x00000000c1100000|  0%| F|  |TS  0|AC  0|TAMS 0x00000000c1000000, 0x00000000c1000000|
|  17|0x00000000c1100000, 0x00000000c1100000, 0x00000000c1200000|  0%| F|  |TS  0|AC  0|TAMS 0x00000000c1100000, 0x00000000c1100000|
|  18|0x00000000c1200000, 0x00000000c1200000, 0x00000000c1300000|  0%| F|  |TS  0|AC  0|TAMS 0x00000000c1200000, 0x00000000c1200000|
|  19|0x00000000c1300000, 0x00000000c1300000, 0x00000000c1400000|  0%| F|  |TS  0|AC  0|TAMS 0x00000000c1300000, 0x00000000c1300000|
|  20|0x00000000c1400000, 0x00000000c1400000, 0x00000000c1500000|  0%| F|  |TS  0|AC  0|TAMS 0x00000000c1400000, 0x00000000c1400000|
|  21|0x00000000c1500000, 0x00000000c1500000, 0x00000000c1600000|  0%| F|  |TS  0|AC  0|TAMS 0x00000000c1500000, 0x00000000c1500000|
|  22|0x00000000c1600000, 0x00000000c1600000, 0x00000000c1700000|  0%| F|  |TS  0|AC  0|TAMS 0x00000000c1600000, 0x00000000c1600000|
|  23|0x00000000c1700000, 0x00000000c1700000, 0x00000000c1800000|  0%| F|  |TS  0|AC  0|TAMS 0x00000000c1700000, 0x00000000c1700000|
|  24|0x00000000c1800000, 0x00000000c1800000, 0x00000000c1900000|  0%| F|  |TS  0|AC  0|TAMS 0x00000000c1800000, 0x00000000c1800000|
|  25|0x00000000c1900000, 0x00000000c1900000, 0x00000000c1a00000|  0%| F|  |TS  0|AC  0|TAMS 0x00000000c1900000, 0x00000000c1900000|
|  26|0x00000000c1a00000, 0x00000000c1a00000, 0x00000000c1b00000|  0%| F|  |TS  0|AC  0|TAMS 0x00000000c1a00000, 0x00000000c1a00000|
|  27|0x00000000c1b00000, 0x00000000c1b00000, 0x00000000c1c00000|  0%| F|  |TS  0|AC  0|TAMS 0x00000000c1b00000, 0x00000000c1b00000|
|  28|0x00000000c1c00000, 0x00000000c1c00000, 0x00000000c1d00000|  0%| F|  |TS  0|AC  0|TAMS 0x00000000c1c00000, 0x00000000c1c00000|
|  29|0x00000000c1d00000, 0x00000000c1d00000, 0x00000000c1e00000|  0%| F|  |TS  0|AC  0|TAMS 0x00000000c1d00000, 0x00000000c1d00000|
|  30|0x00000000c1e00000, 0x00000000c1e00000, 0x00000000c1f00000|  0%| F|  |TS  0|AC  0|TAMS 0x00000000c1e00000, 0x00000000c1e00000|
|  31|0x00000000c1f00000, 0x00000000c1f00000, 0x00000000c2000000|  0%| F|  |TS  0|AC  0|TAMS 0x00000000c1f00000, 0x00000000c1f00000|
|  32|0x00000000c2000000, 0x00000000c2000000, 0x00000000c2100000|  0%| F|  |TS  0|AC  0|TAMS 0x00000000c2000000, 0x00000000c2000000|
|  33|0x00000000c2100000, 0x00000000c2167eb8, 0x00000000c2200000| 40%| E|  |TS  0|AC  0|TAMS 0x00000000c2100000, 0x00000000c2100000|
|  34|0x00000000c2200000, 0x00000000c2300000, 0x00000000c2300000|100%| E|CS|TS  0|AC  0|TAMS 0x00000000c2200000, 0x00000000c2200000|
|  35|0x00000000c2300000, 0x00000000c2400000, 0x00000000c2400000|100%| E|CS|TS  0|AC  0|TAMS 0x00000000c2300000, 0x00000000c2300000|

Card table byte_map: [0x00000240a8550000,0x00000240a8750000] byte_map_base: 0x00000240a7f50000

Marking Bits (Prev, Next): (CMBitMap*) 0x00000240906a0a80, (CMBitMap*) 0x00000240906a0ab8
 Prev Bits: [0x00000240a8950000, 0x00000240a9950000)
 Next Bits: [0x00000240a9950000, 0x00000240aa950000)

Polling page: 0x00000240905e0000

CodeHeap 'non-profiled nmethods': size=120064Kb used=370Kb max_used=370Kb free=119693Kb
 bounds [0x00000240a05f0000, 0x00000240a0860000, 0x00000240a7b30000]
CodeHeap 'profiled nmethods': size=120000Kb used=2354Kb max_used=2354Kb free=117645Kb
 bounds [0x00000240990c0000, 0x0000024099330000, 0x00000240a05f0000]
CodeHeap 'non-nmethods': size=5696Kb used=1390Kb max_used=1390Kb free=4306Kb
 bounds [0x0000024098b30000, 0x0000024098da0000, 0x00000240990c0000]
 total_blobs=2167 nmethods=1399 adapters=552
 compilation: enabled

Compilation events (10 events):
Event: 1.033 Thread 0x00000240ad7b9800  726       3       java.util.HashSet::contains (9 bytes)
Event: 1.034 Thread 0x00000240ad7b9800 nmethod 726 0x00000240991ef490 code [0x00000240991ef640, 0x00000240991ef870]
Event: 1.034 Thread 0x00000240ad7b9800  727       3       java.lang.invoke.MethodType::parameterArray (11 bytes)
Event: 1.034 Thread 0x00000240ad7b9800 nmethod 727 0x00000240991ef910 code [0x00000240991efae0, 0x00000240991efdf0]
Event: 1.034 Thread 0x00000240ad7b9800  728       3       java.lang.invoke.LambdaFormEditor$Transform::ofBothArrays (139 bytes)
Event: 1.035 Thread 0x00000240ad7b9800 nmethod 728 0x00000240991eff10 code [0x00000240991f0180, 0x00000240991f0c30]
Event: 1.035 Thread 0x00000240ad7b9800  729       3       java.lang.invoke.LambdaFormEditor::bindArgumentType (101 bytes)
Event: 1.035 Thread 0x00000240ad7b9800 nmethod 729 0x00000240991f1110 code [0x00000240991f12e0, 0x00000240991f15d0]
Event: 1.035 Thread 0x00000240ad7b9800  730       3       sun.invoke.util.VerifyAccess::isClassAccessible (182 bytes)
Event: 1.036 Thread 0x00000240ad7b9800 nmethod 730 0x00000240991f1710 code [0x00000240991f1a20, 0x00000240991f2e80]

GC Heap History (3 events):
Event: 1.037 GC heap before
{Heap before GC invocations=0 (full 0):
 garbage-first heap   total 65536K, used 8192K [0x00000000c0000000, 0x00000000c0100200, 0x0000000100000000)
  region size 1024K, 9 young (9216K), 0 survivors (0K)
 Metaspace       used 11330K, capacity 12039K, committed 12160K, reserved 1083392K
  class space    used 1369K, capacity 1543K, committed 1664K, reserved 1048576K
}
Event: 1.043 GC heap after
{Heap after GC invocations=1 (full 0):
 garbage-first heap   total 65536K, used 2078K [0x00000000c0000000, 0x00000000c0100200, 0x0000000100000000)
  region size 1024K, 2 young (2048K), 2 survivors (2048K)
 Metaspace       used 11330K, capacity 12039K, committed 12160K, reserved 1083392K
  class space    used 1369K, capacity 1543K, committed 1664K, reserved 1048576K
}
Event: 1.043 GC heap before
{Heap before GC invocations=1 (full 0):
 garbage-first heap   total 65536K, used 2078K [0x00000000c0000000, 0x00000000c0100200, 0x0000000100000000)
  region size 1024K, 2 young (2048K), 2 survivors (2048K)
 Metaspace       used 11330K, capacity 12039K, committed 12160K, reserved 1085440K
  class space    used 1369K, capacity 1543K, committed 1664K, reserved 1048576K
}

Deoptimization events (0 events):
No events

Classes redefined (0 events):
No events

Internal exceptions (10 events):
Event: 0.563 Thread 0x000002409063a000 Exception <a 'java/lang/NoSuchMethodError'{0x00000000c3c66620}: method resolution failed> (0x00000000c3c66620) thrown at [c:/workspace/9-2-build-windows-amd64-cygwin-phase2/jdk9/6725/hotspot/src/share/vm/prims/methodHandles.cpp, line 1256]
Event: 0.566 Thread 0x000002409063a000 Exception <a 'java/io/FileNotFoundException'{0x00000000c3c6fb70}> (0x00000000c3c6fb70) thrown at [c:/workspace/9-2-build-windows-amd64-cygwin-phase2/jdk9/6725/hotspot/src/share/vm/prims/jni.cpp, line 604]
Event: 0.655 Thread 0x00000240add06800 Exception <a 'java/lang/NoSuchMethodError'{0x00000000c3b4d730}: java.lang.invoke.DirectMethodHandle$Holder.invokeSpecial(Ljava/lang/Object;Ljava/lang/Object;)V> (0x00000000c3b4d730) thrown at [c:/workspace/9-2-build-windows-amd64-cygwin-phase2/jdk9/6725/h
Event: 0.659 Thread 0x000002409063a000 Exception <a 'java/lang/NoSuchMethodError'{0x00000000c3b27318}: java.lang.invoke.DirectMethodHandle$Holder.invokeStatic(Ljava/lang/Object;Ljava/lang/Object;Ljava/lang/Object;Ljava/lang/Object;Ljava/lang/Object;Ljava/lang/Object;Ljava/lang/Object;Ljava/lan
Event: 0.661 Thread 0x000002409063a000 Exception <a 'java/lang/NoSuchMethodError'{0x00000000c3b41620}: java.lang.invoke.DirectMethodHandle$Holder.invokeStatic(Ljava/lang/Object;Ljava/lang/Object;Ljava/lang/Object;Ljava/lang/Object;Ljava/lang/Object;Ljava/lang/Object;Ljava/lang/Object;Ljava/lan
Event: 0.863 Thread 0x000002409063a000 Exception <a 'java/lang/NoSuchMethodError'{0x00000000c3ac6db0}: method resolution failed> (0x00000000c3ac6db0) thrown at [c:/workspace/9-2-build-windows-amd64-cygwin-phase2/jdk9/6725/hotspot/src/share/vm/prims/methodHandles.cpp, line 1256]
Event: 0.864 Thread 0x000002409063a000 Exception <a 'java/lang/NoSuchMethodError'{0x00000000c3ace320}: java.lang.invoke.DirectMethodHandle$Holder.invokeStatic(Ljava/lang/Object;ILjava/lang/Object;Ljava/lang/Object;Ljava/lang/Object;)Ljava/lang/Object;> (0x00000000c3ace320) thrown at [c:/worksp
Event: 0.865 Thread 0x000002409063a000 Exception <a 'java/lang/NoSuchMethodError'{0x00000000c3ad2018}: method resolution failed> (0x00000000c3ad2018) thrown at [c:/workspace/9-2-build-windows-amd64-cygwin-phase2/jdk9/6725/hotspot/src/share/vm/prims/methodHandles.cpp, line 1256]
Event: 0.911 Thread 0x000002409063a000 Exception <a 'java/lang/ClassNotFoundException'{0x00000000c398fb00}: com/sun/swing/internal/plaf/metal/resources/spi/metalProvider> (0x00000000c398fb00) thrown at [c:/workspace/9-2-build-windows-amd64-cygwin-phase2/jdk9/6725/hotspot/src/share/vm/classfile
Event: 0.912 Thread 0x000002409063a000 Exception <a 'java/lang/ClassNotFoundException'{0x00000000c3994a30}: com/sun/swing/internal/plaf/basic/resources/spi/basicProvider> (0x00000000c3994a30) thrown at [c:/workspace/9-2-build-windows-amd64-cygwin-phase2/jdk9/6725/hotspot/src/share/vm/classfile

Events (10 events):
Event: 1.032 loading class sun/font/FontManagerFactory$1 done
Event: 1.033 loading class sun/awt/Win32FontManager
Event: 1.033 loading class sun/awt/Win32FontManager done
Event: 1.033 loading class sun/awt/Win32FontManager$1
Event: 1.033 loading class sun/awt/Win32FontManager$1 done
Event: 1.033 loading class sun/font/CompositeFont
Event: 1.033 loading class sun/font/CompositeFont done
Event: 1.033 loading class sun/font/SunFontManager$2
Event: 1.033 loading class sun/font/SunFontManager$2 done
Event: 1.037 Executing VM operation: CollectForMetadataAllocation


Dynamic libraries:
0x00007ff6e5f40000 - 0x00007ff6e5f7e000 	C:\Program Files\Java\jre-9\bin\javaw.exe
0x00007ff9fb650000 - 0x00007ff9fb822000 	C:\Windows\SYSTEM32\ntdll.dll
0x00007ff9f9bc0000 - 0x00007ff9f9c6c000 	C:\Windows\System32\KERNEL32.DLL
0x00007ff9f8110000 - 0x00007ff9f832d000 	C:\Windows\System32\KERNELBASE.dll
0x00007ff9f8dc0000 - 0x00007ff9f8e62000 	C:\Windows\System32\ADVAPI32.dll
0x00007ff9f91a0000 - 0x00007ff9f923e000 	C:\Windows\System32\msvcrt.dll
0x00007ff9f9570000 - 0x00007ff9f95c9000 	C:\Windows\System32\sechost.dll
0x00007ff9f8e70000 - 0x00007ff9f8f91000 	C:\Windows\System32\RPCRT4.dll
0x00007ff9f9030000 - 0x00007ff9f9195000 	C:\Windows\System32\USER32.dll
0x00007ff9f8b10000 - 0x00007ff9f8b2e000 	C:\Windows\System32\win32u.dll
0x00007ff9f93d0000 - 0x00007ff9f9404000 	C:\Windows\System32\GDI32.dll
0x00007ff9f7b50000 - 0x00007ff9f7cd0000 	C:\Windows\System32\gdi32full.dll
0x00007ff9f1ff0000 - 0x00007ff9f226a000 	C:\Windows\WinSxS\amd64_microsoft.windows.common-controls_6595b64144ccf1df_6.0.14393.953_none_42151e83c686086b\COMCTL32.dll
0x00007ff9f9da0000 - 0x00007ff9fa068000 	C:\Windows\System32\combase.dll
0x00007ff9f8330000 - 0x00007ff9f8425000 	C:\Windows\System32\ucrtbase.dll
0x00007ff9f4f90000 - 0x00007ff9f4f9a000 	C:\Windows\SYSTEM32\VERSION.dll
0x00007ff9f7ff0000 - 0x00007ff9f805a000 	C:\Windows\System32\bcryptPrimitives.dll
0x00007ff9f9d70000 - 0x00007ff9f9d9e000 	C:\Windows\System32\IMM32.DLL
0x00007ff9c9680000 - 0x00007ff9c976f000 	C:\Program Files\Java\jre-9\bin\msvcr120.dll
0x00007ff9c95d0000 - 0x00007ff9c9676000 	C:\Program Files\Java\jre-9\bin\msvcp120.dll
0x000000005d0b0000 - 0x000000005dada000 	C:\Program Files\Java\jre-9\bin\server\jvm.dll
0x00007ff9f9770000 - 0x00007ff9f9778000 	C:\Windows\System32\PSAPI.DLL
0x00007ff9d7b50000 - 0x00007ff9d7b59000 	C:\Windows\SYSTEM32\WSOCK32.dll
0x00007ff9f5f10000 - 0x00007ff9f5f33000 	C:\Windows\SYSTEM32\WINMM.dll
0x00007ff9f9300000 - 0x00007ff9f936a000 	C:\Windows\System32\WS2_32.dll
0x00007ff9f5eb0000 - 0x00007ff9f5edb000 	C:\Windows\SYSTEM32\WINMMBASE.dll
0x00007ff9f8b30000 - 0x00007ff9f8b72000 	C:\Windows\System32\cfgmgr32.dll
0x00007ff9d80c0000 - 0x00007ff9d80cf000 	C:\Program Files\Java\jre-9\bin\verify.dll
0x00007ff9c95a0000 - 0x00007ff9c95c7000 	C:\Program Files\Java\jre-9\bin\java.dll
0x00007ff9d23b0000 - 0x00007ff9d23c6000 	C:\Program Files\Java\jre-9\bin\zip.dll
0x00007ff9db6b0000 - 0x00007ff9db6ba000 	C:\Program Files\Java\jre-9\bin\jimage.dll
0x00007ff9fa140000 - 0x00007ff9fb648000 	C:\Windows\System32\SHELL32.dll
0x00007ff9f8430000 - 0x00007ff9f8b08000 	C:\Windows\System32\windows.storage.dll
0x00007ff9f7ad0000 - 0x00007ff9f7b1c000 	C:\Windows\System32\powrprof.dll
0x00007ff9fa0d0000 - 0x00007ff9fa122000 	C:\Windows\System32\shlwapi.dll
0x00007ff9f7b20000 - 0x00007ff9f7b2f000 	C:\Windows\System32\kernel.appcore.dll
0x00007ff9f8060000 - 0x00007ff9f8109000 	C:\Windows\System32\shcore.dll
0x00007ff9f7b30000 - 0x00007ff9f7b44000 	C:\Windows\System32\profapi.dll
0x00007ff9c9580000 - 0x00007ff9c959a000 	C:\Program Files\Java\jre-9\bin\net.dll
0x00007ff9edf20000 - 0x00007ff9edfed000 	C:\Windows\SYSTEM32\WINHTTP.dll
0x00007ff9f73f0000 - 0x00007ff9f744c000 	C:\Windows\system32\mswsock.dll
0x00007ff9c9560000 - 0x00007ff9c9571000 	C:\Program Files\Java\jre-9\bin\nio.dll
0x00007ff9c93c0000 - 0x00007ff9c955a000 	C:\Program Files\Java\jre-9\bin\awt.dll
0x00007ff9f9240000 - 0x00007ff9f92ff000 	C:\Windows\System32\OLEAUT32.dll
0x00007ff9f7cd0000 - 0x00007ff9f7d6c000 	C:\Windows\System32\msvcp_win.dll
0x00007ff9f26c0000 - 0x00007ff9f2c1f000 	C:\Windows\SYSTEM32\d2d1.dll
0x00007ff9f7d70000 - 0x00007ff9f7f39000 	C:\Windows\System32\CRYPT32.dll
0x00007ff9f7ac0000 - 0x00007ff9f7ad0000 	C:\Windows\System32\MSASN1.dll
0x00007ff9f6140000 - 0x00007ff9f61ba000 	C:\Windows\SYSTEM32\apphelp.dll
0x00007ff9f59c0000 - 0x00007ff9f59e6000 	C:\Windows\system32\DWMAPI.DLL
0x00007ff9f6320000 - 0x00007ff9f63b5000 	C:\Windows\system32\uxtheme.dll
0x00007ff9d24a0000 - 0x00007ff9d25c3000 	C:\Windows\system32\opengl32.dll
0x00007ff9ca890000 - 0x00007ff9ca987000 	C:\Windows\SYSTEM32\DDRAW.dll
0x00007ff9ee9f0000 - 0x00007ff9ee9f8000 	C:\Windows\SYSTEM32\DCIMAN32.dll
0x00007ff9ee440000 - 0x00007ff9ee46d000 	C:\Windows\SYSTEM32\GLU32.dll
0x00007ff9f9410000 - 0x00007ff9f956a000 	C:\Windows\System32\MSCTF.dll
0x00007ff9f8be0000 - 0x00007ff9f8d18000 	C:\Windows\System32\ole32.dll
0x00007ff9ee480000 - 0x00007ff9ee60d000 	C:\Windows\system32\d3d9.dll
0x00007ff9f3bd0000 - 0x00007ff9f3cba000 	C:\Windows\System32\DriverStore\FileRepository\nv_dispi.inf_amd64_d0a31ff5946203b6\nvldumdx.dll
0x00007ff9f8b80000 - 0x00007ff9f8bd5000 	C:\Windows\System32\WINTRUST.DLL
0x00007ff9f9010000 - 0x00007ff9f902c000 	C:\Windows\System32\imagehlp.dll
0x00007ff9f7590000 - 0x00007ff9f75a7000 	C:\Windows\SYSTEM32\CRYPTSP.dll
0x00007ff9f6ff0000 - 0x00007ff9f7023000 	C:\Windows\system32\rsaenh.dll
0x00007ff9f76a0000 - 0x00007ff9f76cb000 	C:\Windows\SYSTEM32\bcrypt.dll
0x00007ff9f75b0000 - 0x00007ff9f75bb000 	C:\Windows\SYSTEM32\CRYPTBASE.dll
0x00007ff9c7790000 - 0x00007ff9c8965000 	C:\Windows\System32\DriverStore\FileRepository\nv_dispi.inf_amd64_d0a31ff5946203b6\nvd3dumx.dll
0x00007ff9f17f0000 - 0x00007ff9f18db000 	C:\Program Files (x86)\NVIDIA Corporation\3D Vision\nvSCPAPI64.dll
0x00007ff9f9790000 - 0x00007ff9f9bb9000 	C:\Windows\System32\SETUPAPI.dll
0x00007ff9ec140000 - 0x00007ff9ec31c000 	C:\Windows\system32\nvspcap64.dll
0x00007ff9f57a0000 - 0x00007ff9f57b3000 	C:\Windows\SYSTEM32\WTSAPI32.dll
0x00007ff9f11b0000 - 0x00007ff9f162f000 	C:\Windows\system32\nvapi64.dll
0x00007ff9f6b60000 - 0x00007ff9f6bff000 	C:\Windows\SYSTEM32\dxgi.dll
0x00007ff9d25d0000 - 0x00007ff9d266d000 	C:\Program Files\Java\jre-9\bin\fontmanager.dll
0x00007ff9e3e50000 - 0x00007ff9e3fe2000 	C:\Windows\SYSTEM32\dbghelp.dll
0x00007ff9f8d20000 - 0x00007ff9f8dbf000 	C:\Windows\System32\clbcatq.dll
0x00007ff9f5410000 - 0x00007ff9f55b8000 	C:\Windows\SYSTEM32\WindowsCodecs.dll
0x00007ff9db110000 - 0x00007ff9db159000 	C:\Windows\system32\dataexchange.dll
0x00007ff9f5b10000 - 0x00007ff9f5c61000 	C:\Windows\system32\dcomp.dll
0x00007ff9f4520000 - 0x00007ff9f47d6000 	C:\Windows\system32\d3d11.dll
0x00007ff9f6680000 - 0x00007ff9f679c000 	C:\Windows\system32\twinapi.appcore.dll
0x00007ff9eeaa0000 - 0x00007ff9eeae2000 	C:\Program Files\Java\jre-9\bin\t2k.dll
0x00007ff9f71b0000 - 0x00007ff9f7251000 	C:\Windows\SYSTEM32\DNSAPI.dll
0x00007ff9f9780000 - 0x00007ff9f9788000 	C:\Windows\System32\NSI.dll
0x00007ff9f7170000 - 0x00007ff9f71a8000 	C:\Windows\SYSTEM32\IPHLPAPI.DLL
0x00007ff9e9da0000 - 0x00007ff9e9daa000 	C:\Windows\System32\rasadhlp.dll
0x00007ff9f1df0000 - 0x00007ff9f1e5a000 	C:\Windows\System32\fwpuclnt.dll

VM Arguments:
jvm_args: -Dfile.encoding=Cp1252 
java_command: professor.CadastroProfessor
java_class_path (initial): C:\Users\João Guilherme\git\schoollife\School Life\bin;C:\Users\João Guilherme\git\schoollife\School Life\lib\mysql-connector-java-bin.jar
Launcher Type: SUN_STANDARD

Logging:
Log output configuration:
#0: stdout all=warning uptime,level,tags
#1: stderr all=off uptime,level,tags

Environment Variables:
PATH=C:\ProgramData\Oracle\Java\javapath;C:\Program Files (x86)\Common Files\Intel\Shared Libraries\redist\intel64\compiler;C:\Windows\system32;C:\Windows;C:\Windows\System32\Wbem;C:\Windows\System32\WindowsPowerShell\v1.0\;C:\Program Files (x86)\NVIDIA Corporation\PhysX\Common;C:\Users\João Guilherme\AppData\Local\Microsoft\WindowsApps;
USERNAME=João Guilherme
OS=Windows_NT
PROCESSOR_IDENTIFIER=AMD64 Family 16 Model 4 Stepping 3, AuthenticAMD



---------------  S Y S T E M  ---------------

OS: Windows 10 , 64 bit Build 14393 (10.0.14393.1198)

CPU:total 4 (initial active 4) (4 cores per cpu, 1 threads per core) family 16 model 4 stepping 3, cmov, cx8, fxsr, mmx, sse, sse2, sse3, popcnt, mmxext, 3dnowpref, lzcnt, sse4a, tsc, tscinvbit, tscinv

Memory: 4k page, physical 4193844k(431004k free), swap 16776756k(18536k free)

vm_info: Java HotSpot(TM) 64-Bit Server VM (9+181) for windows-amd64 JRE (9+181), built on Aug  2 2017 21:30:51 by "javare" with MS VC++ 12.0 (VS2013)

END.
